commit a6487ed7859d5185b16b8fa9cb11a8687af42876
Author: unknown <kimyu92@cs.utexas.edu>
Date:   Fri Aug 8 21:51:54 2014 -0500

    updated tests.out

commit 85d634b9775dd9a99577b906bf632762cf0697a8
Author: Prithvi Shahi <shahi.prithvi@gmail.com>
Date:   Fri Aug 8 21:51:08 2014 -0500

    final

commit 2acce0e7530d94478a386d97f2f19785dc2749e9
Author: aseal134 <aseal134@hotmail.com>
Date:   Fri Aug 8 19:42:40 2014 -0700

    About us role added. Added moblie pic for splash page

commit 9e0edfdb2a7683a1b3c4bf6468b1e4ef0e96ead7
Author: Eros Smith <eros@utexas.edu>
Date:   Fri Aug 8 21:36:54 2014 -0500

    added final report

commit 21a51841cd83ddc77e3a1fd73dc47e519d3af09d
Author: aseal134 <aseal134@hotmail.com>
Date:   Fri Aug 8 19:15:16 2014 -0700

    final match page

commit 552353ccb2c75279fd38e20e43d1737bd0a93dfa
Author: Kim Yu Ng <kimyu92@cs.utexas.edu>
Date:   Fri Aug 8 20:58:40 2014 -0500

    Updated pydoc fixes #114

commit 89ad0a17d4874f47c61e4c4f67c5454ecaf6c490
Author: unknown <kimyu92@cs.utexas.edu>
Date:   Fri Aug 8 20:24:29 2014 -0500

    changed the color for link in search.html and changed table in countries page to transparent

commit 1de0f3b399e9451286e4ce4de57b6fa1f09d2ad5
Merge: 122571a 1968491
Author: unknown <kimyu92@cs.utexas.edu>
Date:   Fri Aug 8 19:56:57 2014 -0500

    Merge branch 'master' of https://github.com/ErosSmith/cs373-idb

commit 122571a494e83cd4ed323dcc3c56136f98c03361
Author: unknown <kimyu92@cs.utexas.edu>
Date:   Fri Aug 8 19:56:26 2014 -0500

    changed the table to transparent

commit 19684913cb22881cf39ba1e549cd80da120d667b
Merge: 20f8bff cfdacf1
Author: Prithvi Shahi <shahi.prithvi@gmail.com>
Date:   Fri Aug 8 19:53:36 2014 -0500

    changes to html home page

commit 20f8bff1eaff1916ed30bf5db70fa36a0149c028
Author: Prithvi Shahi <shahi.prithvi@gmail.com>
Date:   Fri Aug 8 19:52:19 2014 -0500

    changed text on home splash page

commit cfdacf1be6a2179a84e904df5a8b49dc3c15e5a3
Author: Eros Smith <eros@utexas.edu>
Date:   Fri Aug 8 19:38:28 2014 -0500

    updated pydoc comments

commit eaec6180bf0e9c4869abe8dd503feb6b45283fb3
Author: Jungmo Ku <suhojm@utexas.edu>
Date:   Fri Aug 8 18:48:13 2014 -0500

    took of a column, position from players plage

commit 61256b6fd7e9ae8729b07baffbc2c3d1b8c91dcd
Author: unknown <kimyu92@cs.utexas.edu>
Date:   Fri Aug 8 18:43:39 2014 -0500

    Fix the tourguide.html reload language not found

commit 565e5370a3840a8f2c1f382a939ce1cdc2b4e226
Author: aseal134 <aseal134@hotmail.com>
Date:   Fri Aug 8 16:08:45 2014 -0700

    made parallex home page

commit 1340b08825c3e19adc8f541a566cd8aa1d396510
Author: Jungmo Ku <suhojm@utexas.edu>
Date:   Fri Aug 8 17:58:09 2014 -0500

    table in country pages are kinda responsive

commit 6a4701695c3938c405e89eb597f6c045f346a984
Author: unknown <kimyu92@cs.utexas.edu>
Date:   Fri Aug 8 17:08:07 2014 -0500

    tourguide nicer look

commit da1cfad6a46aea7fcb24fdab1b4b83fbfed4ba82
Author: Jungmo Ku <suhojm@utexas.edu>
Date:   Fri Aug 8 16:36:01 2014 -0500

    changed the font in table to kinda responsive

commit 56658911114b552586d479d10967c3d1f05d7ac3
Author: Prithvi Shahi <shahi.prithvi@gmail.com>
Date:   Fri Aug 8 15:52:04 2014 -0500

    responsive text box

commit c31dbabd0bccc0f6f302bba03f7b7869ec6ec2f8
Author: Prithvi Shahi <shahi.prithvi@gmail.com>
Date:   Fri Aug 8 12:08:20 2014 -0500

    fixed conflict between js for navbar and tooltip

commit 319cef77fe96566aa5ed4a75eb3bb9223c7dd7c9
Merge: 94a12ad f8ec8d4
Author: aseal134 <aseal134@hotmail.com>
Date:   Fri Aug 8 00:37:07 2014 -0700

    Merge branch 'master' of https://github.com/ErosSmith/cs373-idb

commit 94a12ad575fbfed0a609e8f7064e38c08308e9c2
Author: aseal134 <aseal134@hotmail.com>
Date:   Fri Aug 8 00:36:39 2014 -0700

    Added reponsive video for country page and changed picture for match page

commit f8ec8d4e50c64102e851a65369f998af31c3cf38
Author: unknown <kimyu92@cs.utexas.edu>
Date:   Thu Aug 7 23:51:17 2014 -0500

    views.py json load relative path not working on pythonanywhere

commit 032e1fe359d18e58388761ae321b3de47d01f25d
Author: Jeremiah Martinez <jeremiah@cs.utexas.edu>
Date:   Thu Aug 7 23:36:55 2014 -0500

    still testing

commit 09eed1c7e146497d5cc97edc0e4d84a45223f75a
Author: Jeremiah Martinez <jeremiah@cs.utexas.edu>
Date:   Thu Aug 7 23:32:21 2014 -0500

    testing

commit f90911c857f3ea47efe0513649a969ddfb059c3b
Author: Jeremiah Martinez <jeremiah@cs.utexas.edu>
Date:   Thu Aug 7 23:28:03 2014 -0500

    hello

commit 53efd1afe6077f46d65aecd53163827d189a45c6
Author: Prithvi Shahi <shahi.prithvi@gmail.com>
Date:   Thu Aug 7 22:58:05 2014 -0500

    fixed issues with tooltips and removed extra list item in sidebars

commit e78f00212c2ebd0beafed9234174588143f1ec80
Author: Jungmo Ku <suhojm@utexas.edu>
Date:   Thu Aug 7 22:47:12 2014 -0500

    added match results on player page, but its not pretty

commit 005302718d031125a7ea7c98c609e5b007698649
Author: Eros Smith <eros@utexas.edu>
Date:   Thu Aug 7 22:24:26 2014 -0500

    added new uml.png

commit 8f26c14e341fcbff9def864f744f64fd1c572ac1
Author: aseal134 <aseal134@hotmail.com>
Date:   Thu Aug 7 20:21:58 2014 -0700

    fixed country nav drop down

commit d159d033046aa11f96fdb893f50d24b5e8ab5106
Merge: bf8a38a d8e9d1b
Author: unknown <kimyu92@cs.utexas.edu>
Date:   Thu Aug 7 22:03:56 2014 -0500

    Merge branch 'master' of https://github.com/ErosSmith/cs373-idb

commit bf8a38a03bbcb4d2b44f6266f3e1443197d9e1b0
Author: unknown <kimyu92@cs.utexas.edu>
Date:   Thu Aug 7 22:01:11 2014 -0500

    unit tests tweak and tests for search added

commit d8e9d1b55e0d780937be9ea3c86ec286699f6960
Author: aseal134 <aseal134@hotmail.com>
Date:   Thu Aug 7 20:00:14 2014 -0700

    fixed player drop nav bar

commit 9084d8ec236252b0d1b6de26efb6a6962fe58d4c
Author: aseal134 <aseal134@hotmail.com>
Date:   Thu Aug 7 18:23:10 2014 -0700

    fixed nav bar on players page

commit 6d252f566792b507430a41efb569fa5dd910f8e4
Author: Prithvi Shahi <shahi.prithvi@gmail.com>
Date:   Thu Aug 7 20:03:31 2014 -0500

    players page mods

commit 2181f248d615603550795d3c63e002cb723437f4
Author: Jungmo Ku <suhojm@utexas.edu>
Date:   Thu Aug 7 19:59:08 2014 -0500

    added match results on country pages, but its not pretty yet

commit b111947e871e8187482ad1605c7debfe0637ba9c
Author: Prithvi Shahi <shahi.prithvi@gmail.com>
Date:   Thu Aug 7 19:34:07 2014 -0500

    ui mods for player/country page

commit 10545019084697c69976a5fc1964fa2f62f68f01
Author: Prithvi Shahi <shahi.prithvi@gmail.com>
Date:   Thu Aug 7 18:19:51 2014 -0500

    player page reformat

commit d5acbfca31d45233d42b321acacca21d5efb5fd7
Author: aseal134 <aseal134@hotmail.com>
Date:   Thu Aug 7 16:17:59 2014 -0700

    added new scroll down drop down side bar fixes #111

commit 67114e3ca7c7ef658dab2f4a2b00a9b70cabe638
Author: aseal134 <aseal134@hotmail.com>
Date:   Thu Aug 7 15:15:00 2014 -0700

    darkened background and in progress of fixing fonts fixes #110

commit eb48c7df11b3c82c5a1df266885496882afa9445
Author: Prithvi Shahi <shahi.prithvi@gmail.com>
Date:   Thu Aug 7 15:44:31 2014 -0500

    changes

commit 15458cf230133ba24f2c7837db92d85942fb0fd0
Author: Jungmo Ku <suhojm@utexas.edu>
Date:   Thu Aug 7 15:33:28 2014 -0500

    changed views.py and country.html for matches in country pages

commit b55608ca0ba73708931004273c9c3c9f8a687402
Merge: d72f6bb e21980a
Author: Prithvi Shahi <shahi.prithvi@gmail.com>
Date:   Thu Aug 7 15:02:26 2014 -0500

    player page changes

commit d72f6bb485d7b59045964ef9b9525cc7e2cd21af
Author: Prithvi Shahi <shahi.prithvi@gmail.com>
Date:   Thu Aug 7 14:59:48 2014 -0500

    players html changes

commit e21980a070364cdd77251448b26e4bc78b3e1821
Author: unknown <kimyu92@cs.utexas.edu>
Date:   Thu Aug 7 14:33:38 2014 -0500

    fix country bio remove backward slah

commit da205b5b5b29e72509b9ac548765d4cb2001d763
Author: unknown <kimyu92@cs.utexas.edu>
Date:   Thu Aug 7 13:36:04 2014 -0500

    Fix region data on countries.html

commit bc2d4398a4ba289833e2be26e9f06aef1386fa0c
Author: unknown <kimyu92@cs.utexas.edu>
Date:   Thu Aug 7 12:49:23 2014 -0500

    fix import for tourguide on views.py and add links on sidebar

commit ac00719cbcea8bb92cdfca2e91ed93588d5e415a
Author: aseal134 <aseal134@hotmail.com>
Date:   Thu Aug 7 09:43:57 2014 -0700

    in progress to fix the z index of the drop down nav bar

commit 39f8cb00d1f35ec7eaf9dc6a2924bb835e58f7fd
Author: aseal134 <aseal134@hotmail.com>
Date:   Thu Aug 7 09:08:13 2014 -0700

    fixed padding for match page scroll down

commit 7dbb95c3f3d43ffe56da5c8af1f459dad1e5a832
Author: Prithvi Shahi <shahi.prithvi@gmail.com>
Date:   Thu Aug 7 09:06:10 2014 -0500

    player page sidebar

commit 9f4d59242cf45981f17f439fbb2e5ea854998e24
Author: Prithvi Shahi <shahi.prithvi@gmail.com>
Date:   Thu Aug 7 09:03:46 2014 -0500

    UI changes to country/player .html

commit e1be26f651d50538f59eda195c5078d0ff17b1a0
Author: aseal134 <aseal134@hotmail.com>
Date:   Thu Aug 7 01:32:33 2014 -0700

    made the google map responsive on the single match page and focuses on the marker when opened. fixes #108. Almost done with single match page need to fix padding

commit 05cd7eb524f4bd2210e8c728da4edaa9db48c031
Author: Jeremiah Martinez <jeremiah@cs.utexas.edu>
Date:   Thu Aug 7 01:11:51 2014 -0500

    closes #91

commit 3599406533c605e131cbb015cb0d195ab5dcd762
Author: aseal134 <aseal134@hotmail.com>
Date:   Wed Aug 6 22:55:50 2014 -0700

    made the espn video responsive fixes #107

commit 949d49338731eb7f52a2ae77bbbc58dbed686660
Author: unknown <kimyu92@cs.utexas.edu>
Date:   Thu Aug 7 00:16:07 2014 -0500

    Typo on aboutus page

commit bc9616880541cbb00143213bd56026b70928f9c7
Merge: a30c182 abc2d52
Author: unknown <kimyu92@cs.utexas.edu>
Date:   Wed Aug 6 23:38:36 2014 -0500

    Merge branch 'master' of https://github.com/ErosSmith/cs373-idb

commit a30c1829d447301de3d6ff3be2b28e125ae1ff1a
Author: unknown <kimyu92@cs.utexas.edu>
Date:   Wed Aug 6 23:38:20 2014 -0500

    add instruction to fix and support search for at least two chars and above resolve #106

commit abc2d5259f61605604c6df0ef8e2462bad070bed
Author: Prithvi Shahi <shahi.prithvi@gmail.com>
Date:   Wed Aug 6 21:24:47 2014 -0500

    overhaul of country.html interface

commit 47037ee69c2133be1860b7fcdcd6a6c0eb7e7d7b
Merge: f2b2159 ab2d64e
Author: unknown <kimyu92@cs.utexas.edu>
Date:   Wed Aug 6 21:08:26 2014 -0500

    Merge branch 'master' of https://github.com/ErosSmith/cs373-idb

commit f2b2159152a7197152078befa10b88681c60ac72
Author: unknown <kimyu92@cs.utexas.edu>
Date:   Wed Aug 6 21:08:01 2014 -0500

    Accidentally deleted fields from Country model

commit ab2d64eda94163dfd131d76cab91e1a9144ad6f2
Author: Eros Smith <eros@utexas.edu>
Date:   Wed Aug 6 20:41:55 2014 -0500

    change background video to an image fixes #101

commit 5aa88e40dd0879827effa34cafc0fa136142c51e
Author: unknown <kimyu92@cs.utexas.edu>
Date:   Wed Aug 6 20:19:31 2014 -0500

    Restrict search by excluding weird url resolve #89

commit 38144b5a88b83652e1ef28092db6a993fa50e901
Merge: 1bb7f88 b9da04c
Author: unknown <kimyu92@cs.utexas.edu>
Date:   Wed Aug 6 20:14:47 2014 -0500

    Merge branch 'master' of https://github.com/ErosSmith/cs373-idb

commit 1bb7f88924c789d6e786be093c87e015ef01af68
Author: unknown <kimyu92@cs.utexas.edu>
Date:   Wed Aug 6 20:14:31 2014 -0500

    Exercising Others API fix #105

commit b9da04c5af7f3ce0c8959ed454f10941246afede
Author: aseal134 <aseal134@hotmail.com>
Date:   Wed Aug 6 18:12:05 2014 -0700

    adding more stuff to the match page

commit 22fe22744e2f97e17d966d55278523c070d2f4c9
Author: aseal134 <aseal134@hotmail.com>
Date:   Wed Aug 6 15:11:27 2014 -0700

    updating match page and in progress of nav drop down

commit 1c787d90d69e739b35df6c7fd0236c93c00d37d1
Author: Prithvi Shahi <shahi.prithvi@gmail.com>
Date:   Tue Aug 5 21:56:05 2014 -0500

    country mods

commit d131a25212592ff84a319ae0e5068bdd97e2bcb1
Author: Eros Smith <eros@utexas.edu>
Date:   Tue Aug 5 21:25:44 2014 -0500

    backgrounds for countries players matches updated fixes #102

commit 3435acff051f8dd48e702d0b783d0e149380f059
Author: Prithvi Shahi <shahi.prithvi@gmail.com>
Date:   Tue Aug 5 18:37:38 2014 -0500

    changed some stuff

commit 885414098b658e0ff2ee6f9adecbfcc9de2f57bd
Author: aseal134 <aseal134@hotmail.com>
Date:   Tue Aug 5 16:05:39 2014 -0700

    Fixed country not found for the article data fixes #99

commit cc20fb0beade4b0b36a7f609e5f3f9185228cd45
Author: aseal134 <aseal134@hotmail.com>
Date:   Tue Aug 5 14:48:09 2014 -0700

    added country articles and continents also added player twitter name to model and made scripts to upload all the data to the model fixes

commit 69339e2c887bf6d057e45443656345219a09d043
Author: Prithvi Shahi <shahi.prithvi@gmail.com>
Date:   Tue Aug 5 14:36:09 2014 -0500

    making country page more responsive, changed template

commit 7e191042a58e1f2b9363468abfc65c78c6541dab
Author: Prithvi Shahi <shahi.prithvi@gmail.com>
Date:   Tue Aug 5 11:38:53 2014 -0500

    added hover tooltip, formatted lineup

commit bc91044d93d73bcbf1d0d7b42a1c143d450aa167
Author: Prithvi Shahi <shahi.prithvi@gmail.com>
Date:   Mon Aug 4 22:52:58 2014 -0500

    vertical scroll nav, YT url changed in country insert script

commit 0408fbf2ecc774bc0389ef552e0659ad9cb10778
Merge: 5b60473 a7b319b
Author: aseal134 <aseal134@hotmail.com>
Date:   Mon Aug 4 17:43:11 2014 -0700

    added stats to the model and made scripts to load the data. Also added twitter to the model fixes #92 and fixes #90

commit 5b60473e771684ab3fd65e386778bb3d6e67dd1f
Author: aseal134 <aseal134@hotmail.com>
Date:   Mon Aug 4 17:31:20 2014 -0700

    added stats to the model and made scripts to load the data. Also added twitter to the model fixes #92 and fixes #90

commit a7b319bc1a748cfc64d83a43679031496782022a
Author: unknown <kimyu92@cs.utexas.edu>
Date:   Mon Aug 4 17:42:03 2014 -0500

    Search is elegant on sidebar and added to home fix #77

commit 2a761d25785eeaf3e6c1d31291d7895f53178119
Author: Eros Smith <eros@utexas.edu>
Date:   Mon Aug 4 12:14:40 2014 -0500

    updated matches css

commit 524401b605a061144aed79c40b81b539f71ffa30
Author: Jeremiah Martinez <jeremiah@cs.utexas.edu>
Date:   Sun Aug 3 20:25:17 2014 -0500

    Adding more country stats. An updated version of the last one. Closes #85.

commit 3ab90a795899283ccb3a49d48000456c0efa01a9
Author: Eros Smith <eros@utexas.edu>
Date:   Sun Aug 3 20:11:51 2014 -0500

    video background not longers covers changing content fixed #87

commit 29f16dfff90b814f6b1e042a59d4ccc4f6acf883
Author: Eros Smith <eros@utexas.edu>
Date:   Sun Aug 3 16:39:23 2014 -0500

    added video background to matches.page fixes #86

commit a4457e497ff2480b5421523e7c1c36581067fb33
Author: Eros Smith <eros@utexas.edu>
Date:   Sun Aug 3 16:37:13 2014 -0500

    added video background to matches.page

commit b1ed45a63eb459b00c99b5ce03854a7d6ac22044
Author: Eros Smith <eros@utexas.edu>
Date:   Sun Aug 3 02:17:43 2014 -0500

    added responsive background to countries page

commit d5d578de88c471dff69da2bfb8cbeea560cb6eb2
Author: Eros Smith <eros@utexas.edu>
Date:   Sat Aug 2 14:38:47 2014 -0500

    added bootstrap to search.html and change font color fixes #76

commit 10009e863cdfdb31c7ca621ac84265727c91f6cc
Author: Eros Smith <eros@utexas.edu>
Date:   Sat Aug 2 14:27:46 2014 -0500

    added bootstrap to search.html

commit 2955131976c1c19f09da9c576bd573c5a49710a4
Author: unknown <kimyu92@cs.utexas.edu>
Date:   Fri Aug 1 22:41:54 2014 -0500

    continent data

commit 1f40e599c5778a4aa3f86e42b716619ea0e1686f
Merge: eafe148 f50696d
Author: unknown <kimyu92@cs.utexas.edu>
Date:   Fri Aug 1 17:34:53 2014 -0500

    Merge branch 'master' of https://github.com/ErosSmith/cs373-idb

commit eafe148a4864a83b398f069a81becad551bf4dae
Author: unknown <kimyu92@cs.utexas.edu>
Date:   Fri Aug 1 17:34:23 2014 -0500

    fix \\x0a latin char with space by updating player script 7

commit f50696db9c3efaaccec80fe3b8a69e779a8c26e6
Author: Jeremiah Martinez <jeremiah@cs.utexas.edu>
Date:   Fri Aug 1 02:07:43 2014 -0500

    adding country stats, taken from fifa country pages. Stats are attacking, defending, and passing. Order of info is in comment.

commit 013d25e4df17c1e373e2aff90449f60254d3970e
Author: unknown <kimyu92@cs.utexas.edu>
Date:   Fri Aug 1 00:34:51 2014 -0500

    New player_insert_script7.py to update biography for every player resolve #72

commit e4df4542dd4cc4a03a590367ed6262b061520264
Author: Eros Smith <eros@utexas.edu>
Date:   Wed Jul 30 17:39:35 2014 -0500

    added search form to sidebar fixes #71

commit e44e11343687987f29594af7d65b0dc9e4ba5034
Author: aseal134 <aseal134@hotmail.com>
Date:   Wed Jul 30 15:08:12 2014 -0700

    removed underline link from matches page

commit 306b9cf4e2b3fd958cb07ea233592dfbc693ae24
Author: Eros Smith <eros@utexas.edu>
Date:   Wed Jul 30 16:48:26 2014 -0500

    added search capability fixed #69

commit ba3d43e9bfde0e448930ad1ae5baa57eb3ca3a63
Author: aseal134 <aseal134@hotmail.com>
Date:   Wed Jul 30 13:58:42 2014 -0700

    modified the matches page. Looks better, added a hightlights tab.

commit a11b30672be5c9893508752ff1a6a43ec055e40e
Author: Eros Smith <eros@utexas.edu>
Date:   Wed Jul 30 15:23:27 2014 -0500

    Transferring blueprint from apiary.io

commit b61d548efc67e85a6f11c48bb175d48a89e2523f
Author: Eros Smith <eros@utexas.edu>
Date:   Wed Jul 30 15:21:44 2014 -0500

    Transferring blueprint from apiary.io

commit de1bf4b6f01a110568fdf62ecd96cfe1738df5f6
Author: aseal134 <aseal134@hotmail.com>
Date:   Wed Jul 30 12:02:55 2014 -0700

    Adding captions to slider

commit 2e0a955324f623d8b64fc578435d98a7174dad27
Author: Jeremiah Martinez <jeremiah@cs.utexas.edu>
Date:   Tue Jul 29 17:56:54 2014 -0500

    adding twitter Names (already in world_cup) and Instagram Widget URLs. Instagram widget URLs are to be used at this site, http://snapwidget.com/

commit 338bbeaa8bf3a742d0365b97f71f5c79b2f6650a
Author: Jungmo Ku <suhojm@utexas.edu>
Date:   Tue Jul 29 17:26:36 2014 -0500

    changed symbol flags to regular flag for countries and players page

commit 7174efb0a8cd95e61b2e0ef686abfd3837e55a68
Author: Prithvi Shahi <shahi.prithvi@gmail.com>
Date:   Tue Jul 29 10:01:43 2014 -0500

    added dynamic tables to countries and players pages

commit 2d450dcaaa0196b135f9c8e0bd2e9330577744ec
Author: Jeremiah- <Jeremiah.H.Martinez@utexas.edu>
Date:   Mon Jul 28 19:44:01 2014 -0500

    Update playerInstagramNames.json

commit 37c94f5b751893edee3dbd44eea6913e4df3eadf
Author: Jeremiah- <Jeremiah.H.Martinez@utexas.edu>
Date:   Mon Jul 28 17:08:25 2014 -0500

    adding player Instagram usernames. Not all garunteed to be correct. Much fewer have Instagram compared to twitter.

commit dfa228ec17374d4925b7f7bb561b3173b129f580
Author: Jungmo Ku <suhojm@utexas.edu>
Date:   Mon Jul 28 13:19:38 2014 -0700

    testing and testing2 for dynatable

commit 4783c7e161d6739bd6713143e444e687061b07c5
Author: unknown <kimyu92@cs.utexas.edu>
Date:   Fri Jul 25 21:27:48 2014 -0500

    update IDB.log

commit 5f71985b47e719eff688aaea4632829e7c92e0fc
Author: unknown <kimyu92@cs.utexas.edu>
Date:   Fri Jul 25 21:26:48 2014 -0500

    change match json

commit 9261f3f80ed2fad2291ec86ee715fefd22d67de5
Author: unknown <kimyu92@cs.utexas.edu>
Date:   Fri Jul 25 21:12:43 2014 -0500

    updated the IDB.log and move old file to old_documents folder

commit 158bcfb9159c2fa37cb71c4c8c7daf6f91c1b914
Author: aseal134 <aseal134@hotmail.com>
Date:   Fri Jul 25 19:08:57 2014 -0700

    hopefully .. last push

commit 0e2d98d2cd84eb2fc19fe8ca648747c09714a09c
Author: unknown <kimyu92@cs.utexas.edu>
Date:   Fri Jul 25 21:07:17 2014 -0500

    match dictionary updated for better hightlight data intergration

commit b0215f0008332098835e77d0ab285307f850b295
Author: unknown <kimyu92@cs.utexas.edu>
Date:   Fri Jul 25 21:03:31 2014 -0500

    models.html added

commit 9f03b8aef4c5c9ae7b3da4e5f261ed70f85d67e7
Merge: 1aa84d2 3227bc1
Author: aseal134 <aseal134@hotmail.com>
Date:   Fri Jul 25 18:43:39 2014 -0700

    Merge branch 'master' of http://github.com/ErosSmith/cs373-idb

commit 1aa84d2a064bbc5acd8a54cb3c57910e4a511a28
Author: aseal134 <aseal134@hotmail.com>
Date:   Fri Jul 25 18:43:22 2014 -0700

    fixed the image for player pages and country pages to be responsive

commit 3227bc17c2e140cfd9b1a1ca1407e1555a5b88df
Author: Eros Smith <eros@utexas.edu>
Date:   Fri Jul 25 20:37:55 2014 -0500

    new report added

commit a57bd385988f327bd11973dafcdf04f1e4bf8a86
Author: Prithvi Shahi <shahi.prithvi@gmail.com>
Date:   Fri Jul 25 20:17:13 2014 -0500

    changed splash page and player page

commit 6c16ddd2a86ef72e03e58db2460d380db19c04e9
Author: Prithvi Shahi <shahi.prithvi@gmail.com>
Date:   Fri Jul 25 19:37:48 2014 -0500

    edited 404 page and color of other pages

commit aa09a5763d3caa4d9dfef1115b203636adf85f51
Author: Eros Smith <eros@utexas.edu>
Date:   Fri Jul 25 18:27:44 2014 -0500

    adding tests.out, modified json files for testing, and adding tests.py

commit a476a010720e4bc147d2e2a8e85f30a82b245aab
Merge: b61bd6a cdd8f88
Author: unknown <kimyu92@cs.utexas.edu>
Date:   Fri Jul 25 17:02:14 2014 -0500

    Merge branch 'master' of https://github.com/ErosSmith/cs373-idb

commit b61bd6a8b781eb18254211ff8a7cc22d6cacf069
Author: unknown <kimyu92@cs.utexas.edu>
Date:   Fri Jul 25 17:01:30 2014 -0500

    error 404 page setup

commit cdd8f88ac24d44136a3dea0a60f4ce6ae6e58df5
Author: Jeremiah- <Jeremiah.H.Martinez@utexas.edu>
Date:   Fri Jul 25 16:36:01 2014 -0500

    fixing syntax error

commit 0a665f595b18013aec932e1d8388f4e14afcb2d2
Author: ErosSmith <eros@utexas.edu>
Date:   Fri Jul 25 15:38:35 2014 -0500

    Update create_sql_instruction.txt

commit 4713a00b9bd761a5f02b415a94fea27faa51106c
Author: Jeremiah- <Jeremiah.H.Martinez@utexas.edu>
Date:   Fri Jul 25 15:22:52 2014 -0500

    Update tests.py

commit ebde7fe2b33b8c8b04cec12c556d494ae8e76339
Author: Jeremiah- <Jeremiah.H.Martinez@utexas.edu>
Date:   Fri Jul 25 15:18:25 2014 -0500

    Update tests.py

commit 09952b9ffb7ec0dc3370235df3b3077cdb19b1e5
Author: Jeremiah- <Jeremiah.H.Martinez@utexas.edu>
Date:   Fri Jul 25 15:11:50 2014 -0500

    Update testing_country_date.json
    
    taken from country.json

commit 88a19afd2ed899200ccef6d92609b94d2f1a2bb7
Author: Jeremiah- <Jeremiah.H.Martinez@utexas.edu>
Date:   Fri Jul 25 14:31:09 2014 -0500

    Update testing_match_data.json
    
    all_matches_data_updated_version2.json

commit bf133e053bb0571708880c82e69931ba5a53ad8a
Author: Jeremiah- <Jeremiah.H.Martinez@utexas.edu>
Date:   Fri Jul 25 14:12:40 2014 -0500

    Update testing_player_data.json
    
    taken from player insert script 6

commit 667deabdcc39e12d5f87c24ef8d63e51c249508c
Merge: 51c86c6 6f44877
Author: Jungmo Ku <suhojm@utexas.edu>
Date:   Fri Jul 25 10:57:08 2014 -0700

    Merge branch 'master' of https://github.com/ErosSmith/cs373-idb

commit 51c86c6446e4429178c925f880a96eeb3aa10c48
Author: Jungmo Ku <suhojm@utexas.edu>
Date:   Fri Jul 25 10:56:37 2014 -0700

    fixed link in match pages .. so close #67

commit 6f44877df6dabcc88488c7fdcd158bba2cd587ea
Author: Eros Smith <eros@utexas.edu>
Date:   Fri Jul 25 12:48:17 2014 -0500

    Updating blueprint from apiary.io

commit 04d792d124e50fc0f1fcf52855bb1fd539a15130
Author: Prithvi Shahi <shahi.prithvi@gmail.com>
Date:   Fri Jul 25 12:33:05 2014 -0500

    added scroll func to player bio div box

commit d58214af7a37d78aa6abc67a3d748ae37b836da0
Author: aseal134 <aseal134@hotmail.com>
Date:   Fri Jul 25 10:27:40 2014 -0700

    Fixed the responsive buttons on the home page

commit 9df442514e981170ec998c2dbe3453098e6356f9
Author: Jungmo Ku <suhojm@utexas.edu>
Date:   Fri Jul 25 09:50:06 2014 -0700

    fixed the image to be responsive .. so close #66

commit 44e33768dd718c0df6ee0590b14bd64a8637af3e
Author: Jungmo Ku <suhojm@utexas.edu>
Date:   Thu Jul 24 22:47:48 2014 -0700

    the link for country flags on player pages are fixed

commit 7d151dc51b900d4fc71011155b3717cb1ef57ce9
Author: Jungmo Ku <suhojm@utexas.edu>
Date:   Thu Jul 24 21:56:11 2014 -0700

    fixed link for players page and countries page

commit 7eb0022fda84658d65a7a4affe8561b4bff85cd7
Author: unknown <kimyu92@cs.utexas.edu>
Date:   Thu Jul 24 23:35:19 2014 -0500

    uml added close #56 close #53

commit 6071be8d384aa0d82f706760adeeeb4bd2c933ea
Author: unknown <kimyu92@cs.utexas.edu>
Date:   Thu Jul 24 22:44:00 2014 -0500

    json works for biography

commit 19f00a7a2981851c43152277bd67f11b1b44bee0
Author: Prithvi Shahi <shahi.prithvi@gmail.com>
Date:   Thu Jul 24 22:42:07 2014 -0500

    editing country and matches html

commit a4b9a6f97e68225f702d050558358b5a51ad113b
Author: unknown <kimyu92@cs.utexas.edu>
Date:   Thu Jul 24 22:13:35 2014 -0500

    deleted repetitive test_Model

commit aa9075f3f3d3e7fd8e6173e06eb2a622a4955f01
Author: Eros Smith <eros@utexas.edu>
Date:   Thu Jul 24 20:39:34 2014 -0500

    updated unit tests to include api testing close #55

commit b6d0e4d86ce32134448851de0af501d004125656
Author: Prithvi Shahi <shahi.prithvi@gmail.com>
Date:   Thu Jul 24 20:34:15 2014 -0500

    json script for players

commit f09d9a3e23e5b6f158c1bac36ec3c4bce54218c7
Author: Prithvi Shahi <shahi.prithvi@gmail.com>
Date:   Thu Jul 24 20:33:26 2014 -0500

    major mods to html pages

commit d878a14f8157b467d514594206aea27f424f5562
Author: ErosSmith <eros@utexas.edu>
Date:   Thu Jul 24 19:12:00 2014 -0500

    Update create_sql_instruction.txt

commit de9fb56a3fda512712ac31eaf7530226756aa5ab
Author: Eros Smith <eros@utexas.edu>
Date:   Thu Jul 24 15:48:33 2014 -0500

    First blueprint for apiary.io dynamic API

commit 2ed415a5be501ba9201647646ef4ece8b0046344
Author: Jeremiah Martinez <jeremiah@cs.utexas.edu>
Date:   Thu Jul 24 04:24:24 2014 -0500

    Adding a json file of player Twitter usernames.

commit a474462140a3145231ce3cf985485f583ce9b614
Merge: 166848a 369b97e
Author: unknown <kimyu92@cs.utexas.edu>
Date:   Thu Jul 24 03:53:51 2014 -0500

    Merge branch 'master' of https://github.com/ErosSmith/cs373-idb

commit 166848ac4981b607c79eeb7e9ae46c6fe343ccf2
Author: unknown <kimyu92@cs.utexas.edu>
Date:   Thu Jul 24 03:52:16 2014 -0500

    added the new about us page and collected all the bio information for the players fixes #63

commit 369b97e3e5db8c0d6271371e75a835539db45fe0
Author: Prithvi Shahi <shahi.prithvi@gmail.com>
Date:   Thu Jul 24 00:11:17 2014 -0500

    mods to players.html and views.html

commit c46ca9482b3c65c37239428d2ee99054b5066419
Author: unknown <kimyu92@cs.utexas.edu>
Date:   Wed Jul 23 23:31:28 2014 -0500

    change sidebar.html icon and both home description keywords and authors

commit b3d373f0273d08d508dc5b6beb15ab0f1987ae54
Author: unknown <kimyu92@cs.utexas.edu>
Date:   Wed Jul 23 23:14:32 2014 -0500

    change primary keys affect link of matches page to a match

commit e60977567f009a36e738db4529b3f709e752397e
Author: unknown <kimyu92@cs.utexas.edu>
Date:   Wed Jul 23 21:53:12 2014 -0500

    extra information required for a player page

commit da57ee6dcce7fcb49bff5c9c8736999c2e99703a
Author: unknown <kimyu92@cs.utexas.edu>
Date:   Wed Jul 23 21:44:27 2014 -0500

    integrate api and add model field

commit d7b2ddb7a097a69e8b4ee7935cf5e5c89c8f0e7c
Author: Prithvi Shahi <shahi.prithvi@gmail.com>
Date:   Wed Jul 23 18:26:17 2014 -0500

    player page mods

commit 7e8bc8209c15ac4306d9456cb4bf14a6ac3fcd85
Author: unknown <kimyu92@cs.utexas.edu>
Date:   Wed Jul 23 18:12:22 2014 -0500

    fixed the link for players in country pages

commit 184219f39df81922a5c8749991da848f046ac2f9
Author: unknown <kimyu92@cs.utexas.edu>
Date:   Wed Jul 23 17:53:44 2014 -0500

    linked to fixed size img

commit 8e94f4de8c3e8410240593142b5dc0abce2ef9cf
Author: Jungmo Ku <suhojm@utexas.edu>
Date:   Wed Jul 23 13:47:58 2014 -0700

    fix url!!!! to be string

commit fc1f5eec10ea28becd0a095e5cc887319ddb4dd8
Author: aseal134 <aseal134@hotmail.com>
Date:   Tue Jul 22 22:32:27 2014 -0700

    Fixed match.html page added video and Google map location

commit d552028ed0883eeab9691dff5f70d7f05024cb63
Author: aseal134 <aseal134@hotmail.com>
Date:   Tue Jul 22 20:13:47 2014 -0700

    change colors for table

commit a7a1484fafaf4db4ef40d4970e775d771267baaa
Author: aseal134 <aseal134@hotmail.com>
Date:   Tue Jul 22 19:52:49 2014 -0700

    Changed the color of country tables

commit 11d8813d87faed2533f9eb2165e636ede79db974
Author: Prithvi Shahi <shahi.prithvi@gmail.com>
Date:   Tue Jul 22 21:50:33 2014 -0500

    editing player pages

commit 6ea2d32449e0429d43b9133ed7c42db60ff63a57
Author: Prithvi Shahi <shahi.prithvi@gmail.com>
Date:   Tue Jul 22 18:57:56 2014 -0500

    removed social media stuff

commit d0aac03c6121f9ac445ebac01533a0c31ffdd308
Author: Prithvi Shahi <shahi.prithvi@gmail.com>
Date:   Tue Jul 22 18:50:19 2014 -0500

    fixed players url in urls.py

commit 122dbf2b66a52e27b69a0d04d4be6cb17c5afcce
Author: Jungmo Ku <suhojm@utexas.edu>
Date:   Tue Jul 22 16:20:29 2014 -0700

    fixed the buttons on homepage

commit 21ac0427ac63bd514abc8524c5afed572930be52
Author: Jungmo Ku <suhojm@utexas.edu>
Date:   Tue Jul 22 16:15:16 2014 -0700

    changed coutries and country pages to be better.. and added another template for side bar....

commit 92a18fb2dfa9f1479918aedd3ae527f71deff698
Author: unknown <kimyu92@cs.utexas.edu>
Date:   Tue Jul 22 17:38:15 2014 -0500

    add mapurl into country_dict and typo on country.html

commit ea8b0ee7e1c230018ab6f90feebc1a52994a0e5f
Merge: 218214d 7e8c160
Author: unknown <kimyu92@cs.utexas.edu>
Date:   Tue Jul 22 17:19:27 2014 -0500

    Merge branch 'master' of https://github.com/ErosSmith/cs373-idb

commit 218214df38445c144a507913e7d9254ab00428dd
Author: unknown <kimyu92@cs.utexas.edu>
Date:   Tue Jul 22 17:16:56 2014 -0500

    fix the raw data and add custom sort list of players of a country resolve

commit 7e8c16063e7902294450f7bdc6f03c956100685c
Author: unknown <kimyu92@cs.utexas.edu>
Date:   Tue Jul 22 17:16:56 2014 -0500

    fix the raw data and add custom sort list of players of a country resolve #62 sort by country fix #63

commit a5a3fc8ebbc85886065dc7e10f1bfbebbf28a552
Author: Prithvi Shahi <shahi.prithvi@gmail.com>
Date:   Tue Jul 22 15:40:04 2014 -0500

    added players page

commit 603e72c45f9e433d9ade04592c78ad7d2a54cfac
Author: unknown <kimyu92@cs.utexas.edu>
Date:   Tue Jul 22 08:41:27 2014 -0500

    add bootstrap grid for home

commit fe7ff6e1ca74bedf5adc2555b70106245f38f7a0
Author: aseal134 <aseal134@hotmail.com>
Date:   Tue Jul 22 03:40:31 2014 -0700

    In progress of adding the three circles to the splash page

commit ed9b40e8faacbe8280b65d10e8a52f00c65a8206
Author: aseal134 <aseal134@hotmail.com>
Date:   Tue Jul 22 01:17:04 2014 -0700

    Fixed carousel to a nivo slider so that it is more responsive and added soccer ball icon fixes #59 and fixes #60

commit 7f49f54eeaf8736afd8fd4a2c67dbbf1aaa62c8b
Author: aseal134 <aseal134@hotmail.com>
Date:   Mon Jul 21 21:23:38 2014 -0700

    Updating spash to make carousel work

commit 92e0cb7be67763226ce4845154b497ab045119da
Merge: 077718e 5fff05d
Author: aseal134 <aseal134@hotmail.com>
Date:   Mon Jul 21 17:47:14 2014 -0700

    Merge branch 'master' of https://github.com/ErosSmith/cs373-idb

commit 077718eba0b6f6f76d35e7009efb475d7ba06f6e
Author: aseal134 <aseal134@hotmail.com>
Date:   Mon Jul 21 17:46:15 2014 -0700

    Working on matches page

commit 5fff05db25972643c579804217a2631fdbba1a55
Author: ErosSmith <eros@utexas.edu>
Date:   Mon Jul 21 16:04:56 2014 -0500

    Update create_sql_instruction.txt
    
    more better

commit b35ac04a482b0e29ba14d58c21f4481e2cf4b9ed
Author: ErosSmith <eros@utexas.edu>
Date:   Mon Jul 21 15:55:30 2014 -0500

    Update create_sql_instruction.txt
    
    More complete instructions added

commit 54b3d1c3022f6ec4cc4ebf1da2475f72b4c2ad5b
Author: aseal134 <aseal134@hotmail.com>
Date:   Mon Jul 21 13:25:08 2014 -0700

    making matches page better

commit 592f694bd2c57cde1e1d925e1dea38a8500d35ce
Author: Jungmo Ku <suhojm@utexas.edu>
Date:   Mon Jul 21 12:10:04 2014 -0700

    modified matches to center, and no more dummy value for the match name and picture on match.html

commit c55a57c826dc18c31ed146067e78ccb217f109b5
Author: aseal134 <aseal134@hotmail.com>
Date:   Mon Jul 21 11:23:38 2014 -0700

    Working on matches page

commit cdde41f65f1c6794939e56c7aba2a7cf4964d890
Author: aseal134 <aseal134@hotmail.com>
Date:   Mon Jul 21 00:28:55 2014 -0700

    Added matches updated data and fixed the script

commit 582a27655b5790b559732042f0983e38a0815086
Author: aseal134 <aseal134@hotmail.com>
Date:   Sun Jul 20 19:41:13 2014 -0700

    Updated splash page

commit f1934dbeb37d7747b98e301c5a5e32ed372fe216
Author: aseal134 <aseal134@hotmail.com>
Date:   Sun Jul 20 12:06:17 2014 -0700

    Changed the player script to load data to the database and in progress of making a new splash page

commit 590b5a36a724be6b2e43398494d83d90f958f34f
Author: aseal134 <aseal134@hotmail.com>
Date:   Sun Jul 20 02:51:27 2014 -0700

     Added image url and shirt number for player model fixes #54

commit b327d523d83d536d68d78ca2ede7b477f98e6e90
Author: unknown <kimyu92@cs.utexas.edu>
Date:   Sun Jul 20 00:18:01 2014 -0500

    a prototype for dynamic countries index page

commit 81fb45c56769a632ac17c9ebf90d8e6cf6e9cc48
Author: unknown <kimyu92@cs.utexas.edu>
Date:   Sat Jul 19 18:23:05 2014 -0500

    country insert script insert changed for the updated model

commit c25bfb9f1890336ae0c876893eaaa5154917930a
Author: aseal134 <aseal134@hotmail.com>
Date:   Sat Jul 19 16:08:09 2014 -0700

    Added data for countries

commit 840f46caf4c6250ce47231e0fb0659fa5318f2c1
Author: unknown <kimyu92@cs.utexas.edu>
Date:   Sat Jul 19 16:41:52 2014 -0500

    Models with image and url fields for links close #52

commit 24188b70f30b5910f7a30cb9f6b8e794828a6b3e
Author: aseal134 <aseal134@hotmail.com>
Date:   Sat Jul 19 14:09:15 2014 -0700

    In progress of making the splash page distortion free for more reponsive desgin

commit 556da70597ce282454bbf01e49cb4ca2dc86cb42
Author: aseal134 <aseal134@hotmail.com>
Date:   Fri Jul 18 13:25:55 2014 -0700

    Made players,countries and matches page dynamically load data fixes #48 fixes #49 fixes #50

commit 847c621c5eace0fc786b55230e0416cafef046ab
Author: kimyu92 <kimyu_92@hotmail.com>
Date:   Tue Jul 15 23:38:09 2014 -0500

    fix typo on countries.html and remove redundancy of for loop on a country.html fix #46 resolve #47

commit 48790d638449bb5836cabd62d9c78ae200112cad
Author: kimyu92 <kimyu_92@hotmail.com>
Date:   Mon Jul 14 19:56:43 2014 -0500

    Countries index page generated dynamically

commit 981058c0a678e50f541d9f779f1573c8de429b1a
Author: aseal134 <aseal134@cs.utexas.edu>
Date:   Mon Jul 14 18:25:45 2014 -0500

    tring to make website dynamic

commit 80f733c954386bf8c8c5eb94a34f0c1ff29efc07
Author: kimyu92 <kimyu_92@hotmail.com>
Date:   Mon Jul 14 14:21:09 2014 -0500

    player without full capitalized full name fix #27

commit 58c99b517e8a614bdf8fa4d78ceb478f9f2c822f
Author: kimyu92 <kimyu_92@hotmail.com>
Date:   Mon Jul 14 12:43:10 2014 -0500

    country with rank

commit 6bfa7e383f88141f21d255ad690c09cbbff4f7d5
Author: aseal134 <aseal134@cs.utexas.edu>
Date:   Mon Jul 14 12:14:25 2014 -0500

    Got all the data for the matches

commit 6a149f9c317f0a0c051e9351fec8f0468deab462
Author: kimyu92 <kimyu92@cs.utexas.edu>
Date:   Thu Jul 10 21:59:09 2014 -0500

    Update README.md

commit 6c95c81c5ae8e513683e553b236ef8b401286b52
Author: Prithvi Shahi <pshahi92@cs.utexas.edu>
Date:   Thu Jul 10 21:50:24 2014 -0500

    updated log

commit 8a1e9efa2d7f6dfc617237f4199144eedb7980c9
Author: pshahi92 <pshahi92@users.noreply.github.com>
Date:   Thu Jul 10 21:50:03 2014 -0500

    Update README.md

commit 1fb4eb8465aa9eb430ced84408722d948d344e9a
Merge: e1a850b 3e98d20
Author: Prithvi Shahi <pshahi92@cs.utexas.edu>
Date:   Thu Jul 10 21:48:39 2014 -0500

    Merge branch 'master' of https://github.com/ErosSmith/cs373-idb

commit e1a850b3d06e55786c4330c8230e3d24e494520a
Author: Prithvi Shahi <pshahi92@cs.utexas.edu>
Date:   Thu Jul 10 21:48:24 2014 -0500

    git log

commit 3e98d20e5f68e6a9abe5f2544b84f386cb14c49a
Author: pshahi92 <pshahi92@users.noreply.github.com>
Date:   Thu Jul 10 21:46:51 2014 -0500

    Update README.md

commit 588c1d393ac35abbcfecc6893e010dd3a73555cd
Author: Jeremiah Martinez <jeremiah@cs.utexas.edu>
Date:   Thu Jul 10 21:46:07 2014 -0500

    adding tests.out

commit 0d698ae9c6e23f3a91d00447ed1cb59fd47e939b
Author: Prithvi Shahi <pshahi92@cs.utexas.edu>
Date:   Thu Jul 10 21:40:35 2014 -0500

    added tests.py

commit 45270b71cef6b0b37186216f69b86d3c9cb34186
Author: Jungmo Ku <suhojm@cs.utexas.edu>
Date:   Thu Jul 10 21:39:46 2014 -0500

    added everyone's github ID

commit 2691139bb511429b7f48a89bc898e63b25de18a8
Author: Jeremiah Martinez <jeremiah@cs.utexas.edu>
Date:   Thu Jul 10 21:37:52 2014 -0500

    closes #12 closes #16 closes

commit fa59b6a0eb2c7c16ab124840064094e2e192be2f
Author: aseal134 <aseal134@cs.utexas.edu>
Date:   Thu Jul 10 21:15:00 2014 -0500

    generate pydoc for django models close #9 close#10 fix #20

commit 83fa1ae8d8e6d5f5ac03e90c2b8339f37faeffc1
Author: aseal134 <aseal134@cs.utexas.edu>
Date:   Thu Jul 10 20:59:43 2014 -0500

    added comments :)

commit 384bf4eb6c0cf80c7bfe95183abdfe38a1f43507
Author: Jungmo Ku <suhojm@cs.utexas.edu>
Date:   Thu Jul 10 20:55:44 2014 -0500

    ..

commit b24d84de4728cd3323d42e1dd731461391324d56
Author: Jungmo Ku <suhojm@cs.utexas.edu>
Date:   Thu Jul 10 19:33:38 2014 -0500

    uploaded some css to google drive and changed path to refer the css in google drive

commit 3513836d955d3a311ac595f4606923e8cc2ead13
Author: Jungmo Ku <suhojm@cs.utexas.edu>
Date:   Thu Jul 10 18:48:47 2014 -0500

    profile pictures are added again

commit ad130daef9c54db02b418f08d965dd4959576e21
Author: Jungmo Ku <suhojm@cs.utexas.edu>
Date:   Thu Jul 10 18:37:14 2014 -0500

    profile pictures are added in aboutus page

commit 36f667ca9f8b6b977d77af75640a3be17956293b
Author: Jungmo Ku <suhojm@cs.utexas.edu>
Date:   Thu Jul 10 18:18:36 2014 -0500

    make map responsive and locate maps at bottom

commit 1cca087da55296f6c457fa2f15295b45327fdc50
Author: Jungmo Ku <suhojm@cs.utexas.edu>
Date:   Thu Jul 10 18:11:25 2014 -0500

    testing map

commit f4735442c0a7ec5a84c0547c2eff354dcac5d2bd
Author: Jungmo Ku <suhojm@cs.utexas.edu>
Date:   Thu Jul 10 18:02:50 2014 -0500

    added style to see whether the map responsive works or not

commit 93924bf71d8baa0946e4a0ad9de8f2aac5f5d3ad
Author: Jungmo Ku <suhojm@cs.utexas.edu>
Date:   Thu Jul 10 17:37:34 2014 -0500

    tried fix the css file on pythonanywhere

commit 63f38bba3d420f55a27478639000fa2664dd7d3b
Author: Jungmo Ku <suhojm@cs.utexas.edu>
Date:   Thu Jul 10 17:21:44 2014 -0500

    updated splash page with new bootstrap theme. close #8

commit 5a0cbd892692360e90920d907c0a6e972eff0924
Author: Jungmo Ku <suhojm@cs.utexas.edu>
Date:   Thu Jul 10 17:20:15 2014 -0500

    splash page updated

commit 8ee95447b0d0fa21c575ff96d3407a752db5f60c
Author: Prithvi Shahi <shahi.prithvi@gmail.com>
Date:   Wed Jul 9 16:09:10 2014 -0500

    fixed the navbar

commit 19fbd01ce43ef4bdd2b9d96986636d0a6a6a7011
Author: kimyu92 <kimyu_92@hotmail.com>
Date:   Wed Jul 9 15:46:30 2014 -0500

    add model view generated from mysql workbench resolve #44

commit 01f0fa27ee42a3a8414401593d3bae380b9924fa
Author: kimyu92 <kimyu92@cs.utexas.edu>
Date:   Wed Jul 9 14:26:16 2014 -0500

    Update README.md

commit 79cd01d8f888fd388c94673199bec2104e2ea6e2
Author: kimyu92 <kimyu92@cs.utexas.edu>
Date:   Wed Jul 9 14:25:49 2014 -0500

    Update README.md

commit cb54e10ad60b642ab98ea2b382c8feb6148a200d
Author: kimyu92 <kimyu92@cs.utexas.edu>
Date:   Wed Jul 9 14:24:39 2014 -0500

    Update README.md

commit a1f0b5169c9f563db8e71787d8f22365fd7c30f9
Author: kimyu92 <kimyu92@cs.utexas.edu>
Date:   Wed Jul 9 14:17:00 2014 -0500

    Update README.md

commit 8c22cf1b3de47172db9fa8930fd983a227f979ae
Author: kimyu92 <kimyu92@cs.utexas.edu>
Date:   Wed Jul 9 14:16:11 2014 -0500

    Update README.md

commit 9aa6d695b20cddf40cdb4c996565b850615dac89
Merge: 1e4d7d6 896d3c2
Author: Prithvi Shahi <pshahi92@cs.utexas.edu>
Date:   Wed Jul 9 14:14:56 2014 -0500

    Merge branch 'master' of https://github.com/ErosSmith/cs373-idb

commit 1e4d7d604c552cb044693a794045a5e5d876ef33
Author: Prithvi Shahi <pshahi92@cs.utexas.edu>
Date:   Wed Jul 9 14:14:24 2014 -0500

    added tweets, maps, made more changes

commit 896d3c27a89fadde568ade30945ebfe88b065b8a
Author: kimyu92 <kimyu92@cs.utexas.edu>
Date:   Wed Jul 9 14:13:16 2014 -0500

    Update README.md

commit 906a45dd191db3b10817a838f5298390197da4d9
Author: kimyu92 <kimyu92@cs.utexas.edu>
Date:   Wed Jul 9 14:12:28 2014 -0500

    Update README.md

commit 8ad9f9c7b6daaba2fa63c0d89ab7297ada9b8547
Author: kimyu92 <kimyu92@cs.utexas.edu>
Date:   Wed Jul 9 14:00:48 2014 -0500

    Update README.md

commit 8e79d8f77c434d667a807a9cbba0daaa05fc331b
Author: Prithvi Shahi <shahi.prithvi@gmail.com>
Date:   Wed Jul 9 09:12:40 2014 -0500

    fixed #40 messi twitter embed

commit 555b2216e62576bed3fba047d0010a28a5f1ad6d
Author: Prithvi Shahi <shahi.prithvi@gmail.com>
Date:   Wed Jul 9 09:02:04 2014 -0500

    added youtube embeds

commit a8b3c73547a0c21ee845c3c77abc88239c53bf26
Author: Prithvi Shahi <shahi.prithvi@gmail.com>
Date:   Tue Jul 8 23:41:18 2014 -0500

    added potential bg image to matches

commit dcff586948d196fe751af5f5f9865d7ac1b2a33d
Author: Jeremiah- <Jeremiah.H.Martinez@utexas.edu>
Date:   Tue Jul 8 23:09:21 2014 -0500

    add twitter social feeds resolve #39

commit 898c33afcf02fa1e7c2ea9f84e317a47206e4f3a
Author: Eros Smith <eros@utexas.edu>
Date:   Tue Jul 8 21:23:50 2014 -0500

    units test verified fixes #33

commit ad5c8f200fe81132cc663e9a2bef36e31ec4f8d8
Author: Eros Smith <eros@utexas.edu>
Date:   Tue Jul 8 21:21:16 2014 -0500

    units test verified fixes #11 fixes #25 close #18

commit deaeb3420f6da9d94ef48db2733417f266c39bb3
Author: aseal134 <aseal134@cs.utexas.edu>
Date:   Tue Jul 8 01:00:31 2014 -0500

    Made style changes to player profile and matche static pages fixes #37 and fixes #38

commit 7c36093dc697084f9f2fadf6e48880acee3649ff
Author: Eros Smith <eros@utexas.edu>
Date:   Mon Jul 7 23:40:12 2014 -0500

    Transferring blueprint from apiary.io

commit c0122794f9d8c02adf4ba815abbec261d1516ad0
Author: aseal134 <aseal134@cs.utexas.edu>
Date:   Mon Jul 7 20:57:52 2014 -0500

    Imporved countries static page

commit eb5691b504001707769b502b13e796f2ebd66cd3
Author: aseal134 <aseal134@cs.utexas.edu>
Date:   Mon Jul 7 19:25:03 2014 -0500

    Embeded SoundCloud track in about us static page fixes #36

commit 19183751b4bf701156aa48b3b6685472aa519103
Author: aseal134 <aseal134@cs.utexas.edu>
Date:   Mon Jul 7 18:38:42 2014 -0500

    Updated the about us static page

commit 7dbab2dad3ed02c1121d5400e7e1b3f970560c6b
Author: Prithvi Shahi <pshahi92@cs.utexas.edu>
Date:   Mon Jul 7 18:03:14 2014 -0500

    stylized country static pages with custom css

commit 9c17690d2f395c5ab52327b986ab59ddeed5e899
Author: Prithvi Shahi <pshahi92@cs.utexas.edu>
Date:   Mon Jul 7 17:26:53 2014 -0500

    finished styling country pages

commit d3681bfe3d05f4fde9b4f6d6c6e9a82271fb9352
Author: Prithvi Shahi <pshahi92@cs.utexas.edu>
Date:   Mon Jul 7 16:21:57 2014 -0500

    updated base.html reformatting

commit cd962cbdd1fd98c999ee5b5cac3645d4c73c7d45
Author: aseal134 <aseal134@cs.utexas.edu>
Date:   Mon Jul 7 15:45:59 2014 -0500

    Added more styling to the static Germany web page

commit fc82759596854d796b668a680bf86947f3496a35
Author: aseal134 <aseal134@cs.utexas.edu>
Date:   Mon Jul 7 14:32:10 2014 -0500

    The styling for the brazil static web page was changed from a list to a table fixes #34

commit 2ae08336158bc46b20ecc44bedda71aa6ed7b26f
Author: Prithvi Shahi <pshahi92@cs.utexas.edu>
Date:   Sun Jul 6 20:48:27 2014 -0500

    made code prettier

commit c285df143d917f053f964f5dd1c308a1fc817f41
Author: Prithvi Shahi <pshahi92@cs.utexas.edu>
Date:   Sun Jul 6 19:56:39 2014 -0500

    added nested url, close #31

commit 05138d511eb9e770c9f00d307c5a8336a1e9b897
Author: Prithvi Shahi <pshahi92@cs.utexas.edu>
Date:   Sun Jul 6 18:54:55 2014 -0500

    created 3 sets of static html pages. close #28 close #29

commit e19639e5e4a02a0e5946a6874e73edcf26bd6cac
Author: Prithvi Shahi <shahi.prithvi@gmail.com>
Date:   Sun Jul 6 11:58:31 2014 -0500

    added about us link to navbar

commit c360096e793e19d191db55b453767d01839c2255
Author: Prithvi Shahi <shahi.prithvi@gmail.com>
Date:   Sun Jul 6 11:49:51 2014 -0500

    starting static pages

commit 475a40bf55681ed2b2736eb8ee0bec075d1afc39
Author: aseal134 <aseal134@hotmail.com>
Date:   Sat Jul 5 09:37:58 2014 -0700

    Finished making unit tests fixes #11

commit 741bfd7cafc3cf60dba7181ab307fc09c97116be
Author: aseal134 <aseal134@cs.utexas.edu>
Date:   Sat Jul 5 23:57:24 2014 -0500

    in progess of making units tests

commit d6117644d8ec3312df2ff9e58b1aed7fecb29473
Author: kimyu92 <kimyu_92@hotmail.com>
Date:   Sat Jul 5 18:47:37 2014 -0500

    Match model intergrity problem and data inconsistency resolve #25 resolve #26

commit 42f38bfd51672a70d6cf2bf4cc5469fa72c74a9a
Author: kimyu92 <kimyu_92@hotmail.com>
Date:   Sat Jul 5 14:08:00 2014 -0500

    collected all data and update db for players fix #5

commit 078ea2c12579b5fffabbff60d89370dabb439118
Author: Eros Smith <eros@utexas.edu>
Date:   Sat Jul 5 02:13:15 2014 -0500

    more updates

commit cb36dd5be95c89f1c6b6a644f78cae5fbe7dfc7c
Author: Eros Smith <eros@utexas.edu>
Date:   Sat Jul 5 02:11:42 2014 -0500

    weird stuff...not showing up

commit 03df2be0f35003858500b6485f7937cb72da0521
Author: ErosSmith <eros@utexas.edu>
Date:   Sat Jul 5 07:02:04 2014 +0000

    this is the pythonanywhere version

commit d2304989ff183c0a9e51166639fb6ba025cda221
Author: Jeremiah- <Jeremiah.H.Martinez@utexas.edu>
Date:   Sat Jul 5 01:35:14 2014 -0500

    Formated collected data for Country. So that it can be hooked up to the model

commit 3ca5e07a347dea37d0d572228ed5373d94ab64ec
Author: Jeremiah- <Jeremiah.H.Martinez@utexas.edu>
Date:   Sat Jul 5 01:26:23 2014 -0500

    Added models for the datebase fixes #4

commit 5757a4a889a1edb63d7bdae5ac41170d17e4d581
Author: Eros Smith <eros@utexas.edu>
Date:   Thu Jul 3 21:08:14 2014 -0500

    added tutorial project

commit 5731a666cb7208ad0cc4c0b223ae6e21e70fb2c9
Author: Jeremiah- <Jeremiah.H.Martinez@utexas.edu>
Date:   Mon Jun 30 21:40:01 2014 -0500

    Update README.md

commit d7960ae23456bdb1fb77cd515ecfd701d4b171ee
Author: aseal134 <aseal134@cs.utexas.edu>
Date:   Mon Jun 30 17:54:18 2014 -0500

    first commit
